2021-02-26 16:34:44,045 - make_safe_move
2021-02-26 16:34:44,246 - add_knowledge
2021-02-26 16:34:44,246 - get_neighbours
2021-02-26 16:36:58,027 - make_safe_move
2021-02-26 16:36:58,229 - add_knowledge
2021-02-26 16:36:58,230 - get_neighbours
2021-02-26 16:38:06,692 - make_safe_move
2021-02-26 16:38:06,893 - add_knowledge
2021-02-26 16:38:06,893 - get_neighbours
2021-02-26 16:39:08,998 - make_safe_move
2021-02-26 16:39:09,202 - add_knowledge
2021-02-26 16:39:09,202 - get_neighbours
2021-02-26 16:45:44,507 - make_safe_move
2021-02-26 16:45:44,710 - add_knowledge
2021-02-26 16:45:44,711 - get_neighbours
2021-02-26 16:48:21,913 - make_safe_move
2021-02-26 16:48:22,116 - add_knowledge
2021-02-26 16:48:22,117 - get_neighbours
2021-02-26 16:50:14,671 - make_safe_move
2021-02-26 16:50:14,874 - add_knowledge
2021-02-26 16:50:14,875 - get_neighbours
2021-02-26 16:52:20,775 - make_safe_move
2021-02-26 16:52:22,508 - make_safe_move
2021-02-26 16:52:22,711 - add_knowledge
2021-02-26 16:52:22,712 - get_neighbours
2021-02-27 13:34:25,310 - make_safe_move
2021-02-27 13:34:25,513 - add_knowledge
2021-02-27 13:34:25,513 - get_neighbours
2021-02-27 13:34:25,514 - add_knowledge ended
2021-02-27 13:36:09,574 - make_safe_move
2021-02-27 13:36:09,775 - add_knowledge
2021-02-27 13:36:09,775 - get_neighbours
2021-02-27 13:36:09,776 - add_knowledge ended
2021-02-27 13:36:10,202 - make_safe_move
2021-02-27 13:36:10,403 - add_knowledge
2021-02-27 13:36:10,404 - get_neighbours
2021-02-27 13:36:10,404 - add_knowledge ended
2021-02-27 13:36:10,819 - make_safe_move
2021-02-27 13:36:11,021 - add_knowledge
2021-02-27 13:36:11,022 - get_neighbours
2021-02-27 13:47:33,735 - make_safe_move
2021-02-27 13:47:33,939 - add_knowledge
2021-02-27 13:47:33,940 - get_neighbours
2021-02-27 13:48:26,909 - add_knowledge ended
2021-02-27 13:52:17,405 - make_safe_move
2021-02-27 13:52:17,607 - add_knowledge
2021-02-27 13:52:17,607 - get_neighbours
2021-02-27 13:52:25,583 - add_knowledge ended
2021-02-27 13:52:29,778 - make_safe_move
2021-02-27 13:52:32,409 - add_knowledge
2021-02-27 13:52:32,410 - get_neighbours
2021-02-27 13:52:32,412 - add_knowledge ended
2021-02-27 13:52:33,760 - make_safe_move
2021-02-27 13:52:35,615 - add_knowledge
2021-02-27 13:52:35,615 - get_neighbours
2021-02-27 13:52:35,616 - add_knowledge ended
2021-02-27 13:52:37,095 - make_safe_move
2021-02-27 13:52:38,742 - add_knowledge
2021-02-27 13:52:38,742 - get_neighbours
2021-02-27 13:52:38,742 - add_knowledge ended
2021-02-27 13:52:41,052 - make_safe_move
2021-02-27 13:52:43,962 - add_knowledge
2021-02-27 13:52:43,963 - get_neighbours
2021-03-01 13:35:02,278 - make_safe_move
2021-03-01 13:39:25,372 - make_safe_move
2021-03-01 13:39:25,573 - add_knowledge
2021-03-01 13:39:25,573 - get_neighbours
2021-03-01 13:39:25,574 - add_knowledge ended
2021-03-01 13:39:25,964 - make_safe_move
2021-03-01 13:39:26,165 - add_knowledge
2021-03-01 13:39:26,165 - get_neighbours
2021-03-01 13:39:26,166 - add_knowledge ended
2021-03-01 13:39:26,459 - make_safe_move
2021-03-01 13:39:26,660 - add_knowledge
2021-03-01 13:39:26,660 - get_neighbours
2021-03-01 13:39:26,661 - add_knowledge ended
2021-03-01 13:39:26,734 - make_safe_move
2021-03-01 13:39:26,936 - add_knowledge
2021-03-01 13:39:26,936 - get_neighbours
2021-03-03 15:45:08,596 - make_safe_move
2021-03-03 15:45:08,798 - add_knowledge
2021-03-03 15:45:08,799 - get_neighbours
2021-03-03 15:45:08,799 - add_knowledge ended
2021-03-03 15:45:09,177 - make_safe_move
2021-03-03 15:45:09,377 - add_knowledge
2021-03-03 15:45:09,378 - get_neighbours
2021-03-03 15:45:09,378 - add_knowledge ended
2021-03-03 15:45:09,417 - make_safe_move
2021-03-03 15:45:09,618 - add_knowledge
2021-03-03 15:45:09,619 - get_neighbours
2021-03-04 00:49:37,920 - make_safe_move
2021-03-04 00:49:38,123 - add_knowledge
2021-03-04 00:49:38,123 - get_neighbours
2021-03-04 00:49:38,123 - add_knowledge ended
2021-03-04 00:49:38,416 - make_safe_move
2021-03-04 00:49:38,617 - add_knowledge
2021-03-04 00:49:38,617 - get_neighbours
2021-03-04 00:49:38,618 - add_knowledge ended
2021-03-04 00:49:38,798 - make_safe_move
2021-03-04 00:49:38,999 - add_knowledge
2021-03-04 00:49:39,000 - get_neighbours
2021-03-04 00:49:39,000 - add_knowledge ended
2021-03-04 00:49:39,171 - make_safe_move
2021-03-04 00:49:39,371 - add_knowledge
2021-03-04 00:49:39,371 - get_neighbours
2021-03-04 00:53:10,337 - make_safe_move
2021-03-04 00:53:10,540 - add_knowledge
2021-03-04 00:53:10,540 - get_neighbours
2021-03-04 00:53:10,540 - add_knowledge ended
2021-03-04 00:53:10,702 - make_safe_move
2021-03-04 00:53:10,904 - add_knowledge
2021-03-04 00:53:10,904 - get_neighbours
2021-03-04 00:53:10,904 - add_knowledge ended
2021-03-04 00:53:11,092 - make_safe_move
2021-03-04 00:53:11,293 - add_knowledge
2021-03-04 00:53:11,294 - get_neighbours
2021-03-04 00:53:11,294 - add_knowledge ended
2021-03-04 00:53:11,480 - make_safe_move
2021-03-04 00:53:11,681 - add_knowledge
2021-03-04 00:53:11,681 - get_neighbours
2021-03-04 00:53:11,682 - add_knowledge ended
2021-03-04 00:53:11,861 - make_safe_move
2021-03-04 00:53:12,063 - add_knowledge
2021-03-04 00:53:12,063 - get_neighbours
2021-03-04 00:53:12,063 - add_knowledge ended
2021-03-04 00:53:12,067 - make_safe_move
2021-03-04 00:53:12,268 - add_knowledge
2021-03-04 00:53:12,268 - get_neighbours
2021-03-04 00:53:12,268 - add_knowledge ended
2021-03-04 00:53:12,459 - make_safe_move
2021-03-04 00:53:12,660 - add_knowledge
2021-03-04 00:53:12,660 - get_neighbours
2021-03-04 00:53:12,660 - add_knowledge ended
2021-03-04 00:53:12,856 - make_safe_move
2021-03-04 00:53:13,057 - add_knowledge
2021-03-04 00:53:13,058 - get_neighbours
2021-03-04 00:53:13,058 - add_knowledge ended
2021-03-04 00:53:13,247 - make_safe_move
2021-03-04 00:53:13,448 - add_knowledge
2021-03-04 00:53:13,448 - get_neighbours
2021-03-04 00:53:13,449 - add_knowledge ended
2021-03-04 00:53:13,627 - make_safe_move
2021-03-04 00:53:13,828 - add_knowledge
2021-03-04 00:53:13,828 - get_neighbours
2021-03-04 00:53:13,829 - add_knowledge ended
2021-03-04 00:53:13,836 - make_safe_move
2021-03-04 00:53:14,037 - add_knowledge
2021-03-04 00:53:14,037 - get_neighbours
2021-03-04 00:53:14,038 - add_knowledge ended
2021-03-04 00:53:14,236 - make_safe_move
2021-03-04 00:53:14,437 - add_knowledge
2021-03-04 00:53:14,437 - get_neighbours
2021-03-04 00:53:14,437 - add_knowledge ended
2021-03-04 00:53:14,441 - make_safe_move
2021-03-04 00:53:14,642 - add_knowledge
2021-03-04 00:53:14,642 - get_neighbours
2021-03-04 00:53:14,643 - add_knowledge ended
2021-03-04 00:53:14,851 - make_safe_move
2021-03-04 00:53:15,051 - add_knowledge
2021-03-04 00:53:15,052 - get_neighbours
2021-03-04 00:53:15,052 - add_knowledge ended
2021-03-04 00:53:15,064 - make_safe_move
2021-03-04 00:53:15,265 - add_knowledge
2021-03-04 00:53:15,265 - get_neighbours
2021-03-04 00:53:15,266 - sub_sentence_addition_to_knowledgebase   {(6, 6), (4, 6), (5, 6)} = 1  
2021-03-04 00:53:15,266 - sub_sentence_addition_to_knowledgebase   {(6, 6), (4, 6), (5, 6)} = 1  
2021-03-04 00:53:15,266 - add_knowledge ended
2021-03-04 00:53:15,283 - make_safe_move
2021-03-04 00:53:15,485 - add_knowledge
2021-03-04 00:53:15,485 - get_neighbours
2021-03-04 00:53:15,486 - sub_sentence_addition_to_knowledgebase   {(2, 2)} = 1  
2021-03-04 00:53:15,486 - add_knowledge ended
2021-03-04 00:53:15,501 - make_safe_move
2021-03-04 00:53:15,702 - add_knowledge
2021-03-04 00:53:15,703 - get_neighbours
2021-03-04 00:53:15,703 - add_knowledge ended
2021-03-04 00:53:15,716 - make_safe_move
2021-03-04 00:53:15,917 - add_knowledge
2021-03-04 00:53:15,918 - get_neighbours
2021-03-04 00:53:15,919 - add_knowledge ended
2021-03-04 00:53:16,123 - make_safe_move
2021-03-04 00:53:16,325 - add_knowledge
2021-03-04 00:53:16,325 - get_neighbours
2021-03-04 00:53:16,325 - sub_sentence_addition_to_knowledgebase   {(7, 5), (6, 5)} = 0  
2021-03-04 00:53:16,326 - sub_sentence_addition_to_knowledgebase   {(7, 5), (6, 3), (7, 3)} = 0  
2021-03-04 00:53:16,326 - sub_sentence_addition_to_knowledgebase   {(6, 3), (6, 4), (7, 3)} = 0  
2021-03-04 00:53:16,326 - add_knowledge ended
2021-03-04 00:53:16,511 - make_safe_move
2021-03-04 11:48:15,639 - make_safe_move
2021-03-04 11:48:15,841 - add_knowledge
2021-03-04 11:48:15,841 - get_neighbours
2021-03-04 11:48:15,842 - add_knowledge ended
2021-03-04 11:48:16,141 - make_safe_move
2021-03-04 11:48:18,492 - make_safe_move
2021-03-04 11:48:20,143 - make_safe_move
2021-03-04 11:48:20,344 - add_knowledge
2021-03-04 11:48:20,345 - get_neighbours
2021-03-04 11:48:20,345 - add_knowledge ended
2021-03-04 11:48:20,656 - make_safe_move
2021-03-04 11:48:20,857 - add_knowledge
2021-03-04 11:48:20,857 - get_neighbours
2021-03-04 11:48:20,858 - add_knowledge ended
2021-03-04 11:48:20,870 - make_safe_move
2021-03-04 11:48:21,072 - add_knowledge
2021-03-04 11:48:21,072 - get_neighbours
2021-03-04 11:48:21,072 - add_knowledge ended
2021-03-04 11:48:21,080 - make_safe_move
2021-03-04 11:48:21,282 - add_knowledge
2021-03-04 11:48:21,282 - get_neighbours
2021-03-04 11:48:21,282 - add_knowledge ended
2021-03-04 11:48:21,330 - make_safe_move
2021-03-04 11:48:21,532 - add_knowledge
2021-03-04 11:48:21,532 - get_neighbours
2021-03-04 11:48:21,532 - add_knowledge ended
2021-03-04 11:48:21,589 - make_safe_move
2021-03-04 11:48:21,790 - add_knowledge
2021-03-04 11:48:21,790 - get_neighbours
2021-03-04 11:48:21,790 - add_knowledge ended
2021-03-04 11:48:22,544 - make_safe_move
2021-03-04 11:48:22,745 - add_knowledge
2021-03-04 11:48:22,745 - get_neighbours
2021-03-04 11:48:22,745 - add_knowledge ended
2021-03-04 11:48:23,200 - make_safe_move
2021-03-04 11:48:23,400 - add_knowledge
2021-03-04 11:48:23,401 - get_neighbours
2021-03-04 11:48:23,401 - add_knowledge ended
2021-03-04 11:48:24,310 - make_safe_move
2021-03-04 11:48:24,511 - add_knowledge
2021-03-04 11:48:24,512 - get_neighbours
2021-03-04 11:48:24,512 - add_knowledge ended
2021-03-04 11:48:25,494 - make_safe_move
2021-03-04 11:48:25,695 - add_knowledge
2021-03-04 11:48:25,696 - get_neighbours
2021-03-04 11:48:25,696 - add_knowledge ended
2021-03-04 11:48:26,288 - make_safe_move
2021-03-04 11:48:26,489 - add_knowledge
2021-03-04 11:48:26,489 - get_neighbours
2021-03-04 11:48:26,490 - add_knowledge ended
2021-03-04 11:48:27,122 - make_safe_move
2021-03-04 11:48:27,324 - add_knowledge
2021-03-04 11:48:27,324 - get_neighbours
2021-03-04 11:48:27,324 - add_knowledge ended
2021-03-04 11:48:28,224 - make_safe_move
2021-03-04 11:48:28,426 - add_knowledge
2021-03-04 11:48:28,426 - get_neighbours
2021-03-04 11:48:28,426 - add_knowledge ended
2021-03-04 11:48:29,067 - make_safe_move
2021-03-04 11:48:43,485 - make_safe_move
2021-03-04 11:48:43,687 - add_knowledge
2021-03-04 11:48:43,688 - get_neighbours
2021-03-04 11:48:43,691 - add_knowledge ended
2021-03-04 11:48:44,231 - make_safe_move
2021-03-04 11:48:44,433 - add_knowledge
2021-03-04 11:48:44,433 - get_neighbours
2021-03-04 11:49:12,832 - add_knowledge ended
2021-03-04 11:49:18,971 - make_safe_move
2021-03-04 11:49:32,326 - add_knowledge
2021-03-04 11:49:32,327 - get_neighbours
2021-03-04 11:49:32,328 - add_knowledge ended
2021-03-04 11:49:37,495 - make_safe_move
2021-03-04 11:50:42,942 - add_knowledge
2021-03-04 11:50:42,942 - get_neighbours
2021-03-04 11:50:42,943 - sub_sentence_addition_to_knowledgebase   {(2, 3), (2, 1), (2, 2)} = 1  
2021-03-04 11:50:42,943 - sub_sentence_addition_to_knowledgebase   {(2, 3), (2, 1), (2, 2)} = 1  
2021-03-04 11:50:42,944 - add_knowledge ended
2021-03-04 11:50:45,124 - make_safe_move
2021-03-04 11:50:50,608 - add_knowledge
2021-03-04 11:50:50,609 - get_neighbours
2021-03-04 11:50:50,609 - add_knowledge ended
2021-03-04 11:50:52,450 - make_safe_move
2021-03-04 11:50:59,162 - add_knowledge
2021-03-04 11:50:59,162 - get_neighbours
2021-03-04 11:50:59,163 - add_knowledge ended
2021-03-04 11:51:01,075 - make_safe_move
2021-03-04 11:51:11,653 - add_knowledge
2021-03-04 11:51:11,653 - get_neighbours
2021-03-04 11:51:11,654 - add_knowledge ended
2021-03-04 11:51:17,200 - make_safe_move
2021-03-04 11:51:19,656 - add_knowledge
2021-03-04 11:51:19,658 - get_neighbours
2021-03-04 11:51:19,658 - sub_sentence_addition_to_knowledgebase   {(2, 4), (2, 5), (2, 6)} = 1  
2021-03-04 11:51:19,659 - sub_sentence_addition_to_knowledgebase   {(2, 4), (2, 5), (2, 6)} = 1  
2021-03-04 11:51:19,659 - sub_sentence_addition_to_knowledgebase   {(1, 6), (0, 6)} = 1  
2021-03-04 11:51:19,660 - add_knowledge ended
2021-03-04 11:51:21,950 - make_safe_move
2021-03-04 11:51:30,611 - make_safe_move
2021-03-04 11:51:35,239 - add_knowledge
2021-03-04 11:51:35,239 - get_neighbours
2021-03-04 11:51:35,240 - add_knowledge ended
2021-03-04 11:51:37,722 - make_safe_move
2021-03-04 11:51:40,413 - add_knowledge
2021-03-04 11:51:40,413 - get_neighbours
2021-03-04 11:51:40,414 - add_knowledge ended
2021-03-04 11:51:46,888 - make_safe_move
2021-03-04 11:51:56,239 - add_knowledge
2021-03-04 11:51:56,240 - get_neighbours
2021-03-04 11:51:56,241 - add_knowledge ended
2021-03-04 11:51:57,698 - make_safe_move
2021-03-04 11:52:07,196 - add_knowledge
2021-03-04 11:52:07,197 - get_neighbours
2021-03-04 11:52:07,197 - add_knowledge ended
2021-03-04 11:52:11,564 - make_safe_move
2021-03-04 11:52:15,030 - add_knowledge
2021-03-04 11:52:15,031 - get_neighbours
2021-03-04 11:52:15,032 - add_knowledge ended
2021-03-04 11:52:18,238 - make_safe_move
2021-03-04 11:52:20,821 - add_knowledge
2021-03-04 11:52:20,822 - get_neighbours
2021-03-04 11:52:20,823 - add_knowledge ended
2021-03-04 11:52:24,264 - make_safe_move
2021-03-04 12:56:26,496 - make_safe_move
2021-03-04 12:56:32,888 - add_knowledge
2021-03-04 12:56:32,889 - get_neighbours
2021-03-04 12:56:32,890 - add_knowledge ended
2021-03-04 12:56:34,005 - make_safe_move
2021-03-04 12:56:35,459 - add_knowledge
2021-03-04 12:56:35,460 - get_neighbours
2021-03-04 12:56:35,462 - add_knowledge ended
2021-03-04 12:56:37,041 - make_safe_move
2021-03-04 12:57:06,969 - add_knowledge
2021-03-04 12:57:06,969 - get_neighbours
2021-03-04 12:57:06,970 - add_knowledge ended
2021-03-04 12:57:08,314 - make_safe_move
2021-03-04 12:57:10,553 - add_knowledge
2021-03-04 12:57:10,554 - get_neighbours
2021-03-04 12:57:10,554 - add_knowledge ended
2021-03-04 12:57:12,534 - make_safe_move
2021-03-04 12:57:15,370 - add_knowledge
2021-03-04 12:57:15,371 - get_neighbours
2021-03-04 12:57:15,371 - add_knowledge ended
2021-03-04 12:57:19,991 - make_safe_move
2021-03-04 12:57:46,979 - add_knowledge
2021-03-04 12:57:46,980 - get_neighbours
2021-03-04 12:57:46,981 - add_knowledge ended
2021-03-04 12:57:51,464 - make_safe_move
2021-03-04 12:58:05,785 - add_knowledge
2021-03-04 12:58:05,785 - get_neighbours
2021-03-04 12:58:05,786 - add_knowledge ended
2021-03-04 12:58:08,188 - make_safe_move
2021-03-04 12:58:09,996 - add_knowledge
2021-03-04 12:58:09,996 - get_neighbours
2021-03-04 12:58:09,997 - add_knowledge ended
2021-03-04 12:58:12,333 - make_safe_move
2021-03-04 12:58:14,263 - add_knowledge
2021-03-04 12:58:14,264 - get_neighbours
2021-03-04 12:58:14,266 - add_knowledge ended
2021-03-04 12:58:19,799 - make_safe_move
2021-03-04 12:58:37,645 - add_knowledge
2021-03-04 12:58:37,647 - get_neighbours
2021-03-04 12:58:37,648 - add_knowledge ended
2021-03-04 12:58:39,850 - make_safe_move
2021-03-04 12:58:48,492 - add_knowledge
2021-03-04 12:58:48,492 - get_neighbours
2021-03-04 12:58:48,493 - add_knowledge ended
2021-03-04 12:58:50,634 - make_safe_move
2021-03-04 12:58:59,025 - add_knowledge
2021-03-04 12:58:59,026 - get_neighbours
2021-03-04 12:58:59,026 - sub_sentence_addition_to_knowledgebase   {(5, 6)} = 1  
2021-03-04 12:58:59,027 - add_knowledge ended
2021-03-04 12:59:00,752 - make_safe_move
2021-03-04 12:59:02,434 - add_knowledge
2021-03-04 12:59:02,434 - get_neighbours
2021-03-04 12:59:02,435 - add_knowledge ended
2021-03-04 12:59:03,796 - make_safe_move
2021-03-04 12:59:04,968 - add_knowledge
2021-03-04 12:59:04,968 - get_neighbours
2021-03-04 12:59:04,969 - add_knowledge ended
2021-03-04 12:59:06,752 - make_safe_move
2021-03-04 12:59:08,054 - add_knowledge
2021-03-04 12:59:08,054 - get_neighbours
2021-03-04 12:59:08,055 - add_knowledge ended
2021-03-04 12:59:09,586 - make_safe_move
2021-03-04 12:59:10,798 - add_knowledge
2021-03-04 12:59:10,798 - get_neighbours
2021-03-04 12:59:10,799 - add_knowledge ended
2021-03-04 12:59:12,289 - make_safe_move
2021-03-04 12:59:13,410 - add_knowledge
2021-03-04 12:59:13,411 - get_neighbours
2021-03-04 12:59:13,412 - add_knowledge ended
2021-03-04 12:59:14,774 - make_safe_move
2021-03-04 12:59:16,697 - add_knowledge
2021-03-04 12:59:16,697 - get_neighbours
2021-03-04 12:59:16,698 - add_knowledge ended
2021-03-04 12:59:19,355 - make_safe_move
2021-03-04 12:59:20,438 - add_knowledge
2021-03-04 12:59:20,438 - get_neighbours
2021-03-04 12:59:20,439 - add_knowledge ended
2021-03-04 12:59:22,125 - make_safe_move
2021-03-04 12:59:23,184 - add_knowledge
2021-03-04 12:59:23,184 - get_neighbours
2021-03-04 12:59:23,185 - add_knowledge ended
2021-03-04 12:59:25,186 - make_safe_move
2021-03-04 12:59:26,309 - add_knowledge
2021-03-04 12:59:26,309 - get_neighbours
2021-03-04 12:59:26,310 - add_knowledge ended
2021-03-04 12:59:28,262 - make_safe_move
2021-03-04 12:59:29,901 - add_knowledge
2021-03-04 12:59:29,902 - get_neighbours
2021-03-04 12:59:29,903 - add_knowledge ended
2021-03-04 12:59:32,972 - make_safe_move
2021-03-04 12:59:34,125 - add_knowledge
2021-03-04 12:59:34,125 - get_neighbours
2021-03-04 12:59:34,127 - add_knowledge ended
2021-03-04 12:59:38,327 - make_safe_move
2021-03-04 12:59:39,437 - add_knowledge
2021-03-04 12:59:39,438 - get_neighbours
2021-03-04 12:59:39,438 - add_knowledge ended
2021-03-04 12:59:41,046 - make_safe_move
2021-03-04 15:20:33,253 - make_safe_move
2021-03-04 15:20:36,905 - add_knowledge
2021-03-04 15:20:36,906 - get_neighbours
2021-03-04 15:20:45,125 - add_knowledge ended
2021-03-04 15:20:48,764 - make_safe_move
2021-03-04 15:20:48,966 - add_knowledge
2021-03-04 15:20:48,966 - get_neighbours
2021-03-04 15:20:48,969 - add_knowledge ended
2021-03-04 15:20:48,993 - make_safe_move
2021-03-04 15:20:49,195 - add_knowledge
2021-03-04 15:20:49,195 - get_neighbours
2021-03-04 15:20:49,196 - add_knowledge ended
2021-03-04 15:20:49,430 - make_safe_move
2021-03-04 15:20:49,631 - add_knowledge
2021-03-04 15:20:49,631 - get_neighbours
2021-03-04 15:20:49,632 - add_knowledge ended
2021-03-04 15:20:49,811 - make_safe_move
2021-03-04 15:20:50,012 - add_knowledge
2021-03-04 15:20:50,013 - get_neighbours
2021-03-04 15:20:50,013 - add_knowledge ended
2021-03-04 15:20:50,183 - make_safe_move
2021-03-04 15:20:50,384 - add_knowledge
2021-03-04 15:20:50,384 - get_neighbours
2021-03-04 15:20:50,385 - add_knowledge ended
2021-03-04 15:20:50,564 - make_safe_move
2021-03-04 15:20:50,765 - add_knowledge
2021-03-04 15:20:50,765 - get_neighbours
2021-03-04 15:20:50,766 - add_knowledge ended
2021-03-04 15:20:50,954 - make_safe_move
2021-03-04 15:20:51,155 - add_knowledge
2021-03-04 15:20:51,156 - get_neighbours
2021-03-04 15:20:51,157 - add_knowledge ended
2021-03-04 15:20:51,334 - make_safe_move
2021-03-04 15:20:51,536 - add_knowledge
2021-03-04 15:20:51,536 - get_neighbours
2021-03-04 15:23:24,216 - add_knowledge ended
2021-03-04 15:23:25,709 - make_safe_move
2021-03-04 15:23:25,910 - add_knowledge
2021-03-04 15:23:25,911 - get_neighbours
2021-03-04 15:23:25,912 - add_knowledge ended
2021-03-04 15:24:35,671 - make_safe_move
2021-03-04 15:24:35,873 - add_knowledge
2021-03-04 15:24:35,874 - get_neighbours
2021-03-04 15:24:35,879 - add_knowledge ended
2021-03-04 15:24:36,375 - make_safe_move
2021-03-04 15:24:36,577 - add_knowledge
2021-03-04 15:24:36,577 - get_neighbours
2021-03-04 15:24:36,579 - add_knowledge ended
2021-03-04 15:24:36,926 - make_safe_move
2021-03-04 15:24:37,127 - add_knowledge
2021-03-04 15:24:37,128 - get_neighbours
2021-03-04 15:24:37,128 - add_knowledge ended
2021-03-04 15:24:43,758 - make_safe_move
2021-03-04 15:24:43,960 - add_knowledge
2021-03-04 15:24:43,961 - get_neighbours
2021-03-04 15:24:43,964 - add_knowledge ended
2021-03-04 15:24:44,174 - make_safe_move
2021-03-04 15:24:44,376 - add_knowledge
2021-03-04 15:24:44,376 - get_neighbours
2021-03-04 15:24:44,377 - add_knowledge ended
2021-03-04 15:24:51,346 - make_safe_move
2021-03-04 15:24:51,547 - add_knowledge
2021-03-04 15:24:51,548 - get_neighbours
2021-03-04 15:24:51,549 - add_knowledge ended
2021-03-04 15:24:52,465 - make_safe_move
2021-03-04 15:24:52,666 - add_knowledge
2021-03-04 15:24:52,666 - get_neighbours
2021-03-04 15:24:52,667 - add_knowledge ended
2021-03-04 15:24:53,389 - make_safe_move
2021-03-04 15:24:53,591 - add_knowledge
2021-03-04 15:24:53,591 - get_neighbours
2021-03-04 15:24:53,592 - add_knowledge ended
2021-03-04 15:24:54,402 - make_safe_move
2021-03-04 15:24:54,603 - add_knowledge
2021-03-04 15:24:54,604 - get_neighbours
2021-03-04 15:24:54,605 - add_knowledge ended
2021-03-04 15:24:55,537 - make_safe_move
2021-03-04 15:24:55,737 - add_knowledge
2021-03-04 15:24:55,737 - get_neighbours
2021-03-04 15:24:55,737 - sub_sentence_addition_to_knowledgebase   {(2, 5), (0, 5), (1, 5)} = 0  
2021-03-04 15:24:55,738 - add_knowledge ended
2021-03-04 15:24:56,558 - make_safe_move
2021-03-04 15:24:56,759 - add_knowledge
2021-03-04 15:24:56,760 - get_neighbours
2021-03-04 15:30:25,050 - add_knowledge ended
2021-03-04 15:31:17,391 - make_safe_move
2021-03-04 15:31:17,592 - add_knowledge
2021-03-04 15:31:17,593 - get_neighbours
2021-03-04 15:31:17,595 - add_knowledge ended
2021-03-04 15:31:19,113 - make_safe_move
2021-03-04 15:31:19,315 - add_knowledge
2021-03-04 15:31:19,315 - get_neighbours
2021-03-04 15:31:19,317 - add_knowledge ended
2021-03-04 15:31:20,056 - make_safe_move
2021-03-04 15:31:20,257 - add_knowledge
2021-03-04 15:31:20,258 - get_neighbours
2021-03-04 15:31:20,259 - add_knowledge ended
2021-03-04 15:31:21,335 - make_safe_move
2021-03-04 15:31:21,537 - add_knowledge
2021-03-04 15:31:21,537 - get_neighbours
2021-03-04 15:31:21,539 - add_knowledge ended
2021-03-04 15:31:22,609 - make_safe_move
2021-03-04 15:31:22,809 - add_knowledge
2021-03-04 15:31:22,810 - get_neighbours
2021-03-04 15:34:11,724 - add_knowledge ended
2021-03-04 15:35:10,770 - make_safe_move
2021-03-04 15:35:10,971 - add_knowledge
2021-03-04 15:35:10,972 - get_neighbours
2021-03-04 15:35:10,974 - add_knowledge ended
2021-03-04 15:35:11,566 - make_safe_move
2021-03-04 15:35:11,768 - add_knowledge
2021-03-04 15:35:11,768 - get_neighbours
2021-03-04 15:35:11,770 - add_knowledge ended
2021-03-04 15:35:12,223 - make_safe_move
2021-03-04 15:35:12,424 - add_knowledge
2021-03-04 15:35:12,424 - get_neighbours
2021-03-04 15:35:12,425 - add_knowledge ended
2021-03-04 15:35:12,854 - make_safe_move
2021-03-04 15:35:13,055 - add_knowledge
2021-03-04 15:35:13,056 - get_neighbours
2021-03-04 15:35:13,056 - add_knowledge ended
2021-03-04 15:35:13,543 - make_safe_move
2021-03-04 15:35:13,744 - add_knowledge
2021-03-04 15:35:13,744 - get_neighbours
2021-03-04 15:35:13,744 - add_knowledge ended
2021-03-04 15:35:14,443 - make_safe_move
2021-03-04 15:35:14,643 - add_knowledge
2021-03-04 15:35:14,643 - get_neighbours
2021-03-04 15:35:14,644 - add_knowledge ended
2021-03-04 15:35:15,068 - make_safe_move
2021-03-04 15:35:15,269 - add_knowledge
2021-03-04 15:35:15,270 - get_neighbours
2021-03-04 15:35:15,271 - add_knowledge ended
2021-03-04 15:35:15,700 - make_safe_move
2021-03-04 15:35:15,900 - add_knowledge
2021-03-04 15:35:15,900 - get_neighbours
2021-03-04 15:35:15,901 - add_knowledge ended
2021-03-04 15:35:16,250 - make_safe_move
2021-03-04 15:35:16,452 - add_knowledge
2021-03-04 15:35:16,452 - get_neighbours
2021-03-04 15:35:16,453 - add_knowledge ended
2021-03-04 15:35:16,875 - make_safe_move
2021-03-04 15:35:17,076 - add_knowledge
2021-03-04 15:35:17,076 - get_neighbours
2021-03-04 15:35:17,076 - add_knowledge ended
2021-03-04 15:35:17,475 - make_safe_move
2021-03-04 15:35:17,675 - add_knowledge
2021-03-04 15:35:17,676 - get_neighbours
2021-03-04 15:35:17,676 - add_knowledge ended
2021-03-04 15:35:18,042 - make_safe_move
2021-03-04 15:35:18,243 - add_knowledge
2021-03-04 15:35:18,243 - get_neighbours
2021-03-04 15:35:18,243 - add_knowledge ended
2021-03-04 15:35:18,659 - make_safe_move
2021-03-04 15:35:18,860 - add_knowledge
2021-03-04 15:35:18,860 - get_neighbours
2021-03-04 15:35:18,860 - add_knowledge ended
2021-03-04 15:35:19,420 - make_safe_move
2021-03-04 15:35:19,621 - add_knowledge
2021-03-04 15:35:19,622 - get_neighbours
2021-03-04 15:35:19,622 - sub_sentence_addition_to_knowledgebase   {(2, 3)} = 1  
